<?xml version="1.0" encoding="UTF-8"?>
<!-- Generated by org.testng.reporters.JUnitReportReporter -->
<testsuite hostname="DESKTOP-QEFPGI2" failures="0" tests="4" name="com.tutorialsninja.qa.testcases.Register" time="29.279" errors="0" timestamp="2024-09-21T00:11:16 IST" skipped="0">
  <testcase classname="com.tutorialsninja.qa.testcases.Register" name="verifyRegisteringAccountWithMandatoryFields" time="7.926"/>
  <testcase classname="com.tutorialsninja.qa.testcases.Register" name="verifyRegisteringAccountWithAllFields" time="8.388"/>
  <testcase classname="com.tutorialsninja.qa.testcases.Register" name="verifyRegisteringAccountWithExistingEmailAddress" time="6.773"/>
  <testcase classname="com.tutorialsninja.qa.testcases.Register" name="verifyRegisteringWithoutFillingAnyDetails" time="6.192"/>
</testsuite> <!-- com.tutorialsninja.qa.testcases.Register -->
