<?xml version="1.0" encoding="UTF-8"?>
<!-- Generated by org.testng.reporters.JUnitReportReporter -->
<testsuite hostname="DESKTOP-QEFPGI2" failures="0" tests="5" name="com.tutorialsninja.qa.testcases.Login" time="37.934" errors="0" timestamp="2024-09-21T11:52:28 IST" skipped="0">
  <testcase classname="com.tutorialsninja.qa.testcases.Login" name="verifyLoginWithValidCredentials" time="7.433"/>
  <testcase classname="com.tutorialsninja.qa.testcases.Login" name="verifyLoginWithInValidCredentials" time="8.001"/>
  <testcase classname="com.tutorialsninja.qa.testcases.Login" name="verifyLoginWithValidPasswordAndInvalidEmail" time="7.302"/>
  <testcase classname="com.tutorialsninja.qa.testcases.Login" name="verifyLoginWithValidEmailAndInvalidPassword" time="6.650"/>
  <testcase classname="com.tutorialsninja.qa.testcases.Login" name="verifyLoginWithoutCredentials" time="8.548"/>
</testsuite> <!-- com.tutorialsninja.qa.testcases.Login -->
