<?xml version="1.0" encoding="UTF-8"?>
<!-- Generated by org.testng.reporters.JUnitReportReporter -->
<testsuite hostname="DESKTOP-QEFPGI2" failures="0" tests="2" name="com.tutorialsninja.qa.testcases.Register" time="14.937" errors="0" timestamp="2024-09-20T16:13:45 IST" skipped="0">
  <testcase classname="com.tutorialsninja.qa.testcases.Register" name="verifyRegisteringAccountWithMandatoryFields" time="8.656"/>
  <testcase classname="com.tutorialsninja.qa.testcases.Register" name="verifyRegisteringAccountWithAllFields" time="6.281"/>
</testsuite> <!-- com.tutorialsninja.qa.testcases.Register -->
